# JRE version: OpenJDK Runtime Environment Temurin-21.0.8+9 (21.0.8+9) (build 21.0.8+9-LTS)
# Java VM: OpenJDK 64-Bit Server VM Temurin-21.0.8+9 (21.0.8+9-LTS, mixed mode, sharing, tiered, compressed oops, compressed class ptrs, parallel gc, windows-amd64)
GC Precious Log:
 CardTable entry size: 512
 CPUs: 16 total, 16 available
 Memory: 16085M
 Large Page Support: Disabled
 NUMA Support: Disabled
 Compressed Oops: Enabled (32-bit)
 Alignments: Space 512K, Generation 512K, Heap 2M
 Heap Min Capacity: 100M
 Heap Initial Capacity: 100M
 Heap Max Capacity: 2G
 Pre-touch: Disabled
 Parallel Workers: 13
Heap:
 PSYoungGen      total 7680K, used 1694K [0x00000000d5580000, 0x00000000d5e80000, 0x0000000100000000)
  eden space 6144K, 22% used [0x00000000d5580000,0x00000000d56d7840,0x00000000d5b80000)
  from space 1536K, 20% used [0x00000000d5c80000,0x00000000d5cd0000,0x00000000d5e00000)
  to   space 1024K, 0% used [0x00000000d5b80000,0x00000000d5b80000,0x00000000d5c80000)
 ParOldGen       total 925696K, used 335770K [0x0000000080000000, 0x00000000b8800000, 0x00000000d5580000)
  object space 925696K, 36% used [0x0000000080000000,0x00000000947e6838,0x00000000b8800000)
 Metaspace       used 92003K, committed 94464K, reserved 1179648K
  class space    used 9535K, committed 10816K, reserved 1048576K
GC Heap History (20 events):
Event: 76693.360 GC heap before
{Heap before GC invocations=4215 (full 6):
 PSYoungGen      total 2048K, used 2016K [0x00000000d5580000, 0x00000000d6500000, 0x0000000100000000)
  eden space 512K, 100% used [0x00000000d5580000,0x00000000d5600000,0x00000000d5600000)
  from space 1536K, 97% used [0x00000000d5b80000,0x00000000d5cf8310,0x00000000d5d00000)
  to   space 5632K, 0% used [0x00000000d5600000,0x00000000d5600000,0x00000000d5b80000)
 ParOldGen       total 925696K, used 325817K [0x0000000080000000, 0x00000000b8800000, 0x00000000d5580000)
  object space 925696K, 35% used [0x0000000080000000,0x0000000093e2e670,0x00000000b8800000)
 Metaspace       used 92003K, committed 94464K, reserved 1179648K
  class space    used 9535K, committed 10816K, reserved 1048576K
}
Event: 76693.366 GC heap after
{Heap after GC invocations=4215 (full 6):
 PSYoungGen      total 1536K, used 672K [0x00000000d5580000, 0x00000000d5c00000, 0x0000000100000000)
  eden space 512K, 0% used [0x00000000d5580000,0x00000000d5580000,0x00000000d5600000)
  from space 1024K, 65% used [0x00000000d5600000,0x00000000d56a8000,0x00000000d5700000)
  to   space 2560K, 0% used [0x00000000d5980000,0x00000000d5980000,0x00000000d5c00000)
 ParOldGen       total 925696K, used 327418K [0x0000000080000000, 0x00000000b8800000, 0x00000000d5580000)
  object space 925696K, 35% used [0x0000000080000000,0x0000000093fbe980,0x00000000b8800000)
 Metaspace       used 92003K, committed 94464K, reserved 1179648K
  class space    used 9535K, committed 10816K, reserved 1048576K
}
Event: 76693.367 GC heap before
{Heap before GC invocations=4216 (full 6):
 PSYoungGen      total 1536K, used 1184K [0x00000000d5580000, 0x00000000d5c00000, 0x0000000100000000)
  eden space 512K, 100% used [0x00000000d5580000,0x00000000d5600000,0x00000000d5600000)
  from space 1024K, 65% used [0x00000000d5600000,0x00000000d56a8000,0x00000000d5700000)
  to   space 2560K, 0% used [0x00000000d5980000,0x00000000d5980000,0x00000000d5c00000)
 ParOldGen       total 925696K, used 327418K [0x0000000080000000, 0x00000000b8800000, 0x00000000d5580000)
  object space 925696K, 35% used [0x0000000080000000,0x0000000093fbe980,0x00000000b8800000)
 Metaspace       used 92003K, committed 94464K, reserved 1179648K
  class space    used 9535K, committed 10816K, reserved 1048576K
}
Event: 76693.368 GC heap after
{Heap after GC invocations=4216 (full 6):
 PSYoungGen      total 2048K, used 640K [0x00000000d5580000, 0x00000000d5a80000, 0x0000000100000000)
  eden space 1024K, 0% used [0x00000000d5580000,0x00000000d5580000,0x00000000d5680000)
  from space 1024K, 62% used [0x00000000d5980000,0x00000000d5a20000,0x00000000d5a80000)
  to   space 1024K, 0% used [0x00000000d5880000,0x00000000d5880000,0x00000000d5980000)
 ParOldGen       total 925696K, used 327962K [0x0000000080000000, 0x00000000b8800000, 0x00000000d5580000)
  object space 925696K, 35% used [0x0000000080000000,0x0000000094046980,0x00000000b8800000)
 Metaspace       used 92003K, committed 94464K, reserved 1179648K
  class space    used 9535K, committed 10816K, reserved 1048576K
}
Event: 76693.370 GC heap before
{Heap before GC invocations=4217 (full 6):
 PSYoungGen      total 2048K, used 1664K [0x00000000d5580000, 0x00000000d5a80000, 0x0000000100000000)
  eden space 1024K, 100% used [0x00000000d5580000,0x00000000d5680000,0x00000000d5680000)
  from space 1024K, 62% used [0x00000000d5980000,0x00000000d5a20000,0x00000000d5a80000)
  to   space 1024K, 0% used [0x00000000d5880000,0x00000000d5880000,0x00000000d5980000)
 ParOldGen       total 925696K, used 327962K [0x0000000080000000, 0x00000000b8800000, 0x00000000d5580000)
  object space 925696K, 35% used [0x0000000080000000,0x0000000094046980,0x00000000b8800000)
 Metaspace       used 92003K, committed 94464K, reserved 1179648K
  class space    used 9535K, committed 10816K, reserved 1048576K
}
Event: 76693.372 GC heap after
{Heap after GC invocations=4217 (full 6):
 PSYoungGen      total 2560K, used 1024K [0x00000000d5580000, 0x00000000d5b00000, 0x0000000100000000)
  eden space 1536K, 0% used [0x00000000d5580000,0x00000000d5580000,0x00000000d5700000)
  from space 1024K, 100% used [0x00000000d5880000,0x00000000d5980000,0x00000000d5980000)
  to   space 1536K, 0% used [0x00000000d5980000,0x00000000d5980000,0x00000000d5b00000)
 ParOldGen       total 925696K, used 328498K [0x0000000080000000, 0x00000000b8800000, 0x00000000d5580000)
  object space 925696K, 35% used [0x0000000080000000,0x00000000940cc980,0x00000000b8800000)
 Metaspace       used 92003K, committed 94464K, reserved 1179648K
  class space    used 9535K, committed 10816K, reserved 1048576K
}
Event: 76693.383 GC heap before
{Heap before GC invocations=4218 (full 6):
 PSYoungGen      total 2560K, used 2560K [0x00000000d5580000, 0x00000000d5b00000, 0x0000000100000000)
  eden space 1536K, 100% used [0x00000000d5580000,0x00000000d5700000,0x00000000d5700000)
  from space 1024K, 100% used [0x00000000d5880000,0x00000000d5980000,0x00000000d5980000)
  to   space 1536K, 0% used [0x00000000d5980000,0x00000000d5980000,0x00000000d5b00000)
 ParOldGen       total 925696K, used 328498K [0x0000000080000000, 0x00000000b8800000, 0x00000000d5580000)
  object space 925696K, 35% used [0x0000000080000000,0x00000000940cc980,0x00000000b8800000)
 Metaspace       used 92003K, committed 94464K, reserved 1179648K
  class space    used 9535K, committed 10816K, reserved 1048576K
}
Event: 76693.387 GC heap after
{Heap after GC invocations=4218 (full 6):
 PSYoungGen      total 3584K, used 1216K [0x00000000d5580000, 0x00000000d5b00000, 0x0000000100000000)
  eden space 2048K, 0% used [0x00000000d5580000,0x00000000d5580000,0x00000000d5780000)
  from space 1536K, 79% used [0x00000000d5980000,0x00000000d5ab0000,0x00000000d5b00000)
  to   space 1536K, 0% used [0x00000000d5800000,0x00000000d5800000,0x00000000d5980000)
 ParOldGen       total 925696K, used 329514K [0x0000000080000000, 0x00000000b8800000, 0x00000000d5580000)
  object space 925696K, 35% used [0x0000000080000000,0x00000000941ca980,0x00000000b8800000)
 Metaspace       used 92003K, committed 94464K, reserved 1179648K
  class space    used 9535K, committed 10816K, reserved 1048576K
}
Event: 76693.390 GC heap before
{Heap before GC invocations=4219 (full 6):
 PSYoungGen      total 3584K, used 3264K [0x00000000d5580000, 0x00000000d5b00000, 0x0000000100000000)
  eden space 2048K, 100% used [0x00000000d5580000,0x00000000d5780000,0x00000000d5780000)
  from space 1536K, 79% used [0x00000000d5980000,0x00000000d5ab0000,0x00000000d5b00000)
  to   space 1536K, 0% used [0x00000000d5800000,0x00000000d5800000,0x00000000d5980000)
 ParOldGen       total 925696K, used 329514K [0x0000000080000000, 0x00000000b8800000, 0x00000000d5580000)
  object space 925696K, 35% used [0x0000000080000000,0x00000000941ca980,0x00000000b8800000)
 Metaspace       used 92003K, committed 94464K, reserved 1179648K
  class space    used 9535K, committed 10816K, reserved 1048576K
}
Event: 76693.395 GC heap after
{Heap after GC invocations=4219 (full 6):
 PSYoungGen      total 4096K, used 1505K [0x00000000d5580000, 0x00000000d5f00000, 0x0000000100000000)
  eden space 2560K, 0% used [0x00000000d5580000,0x00000000d5580000,0x00000000d5800000)
  from space 1536K, 98% used [0x00000000d5800000,0x00000000d5978620,0x00000000d5980000)
  to   space 3584K, 0% used [0x00000000d5b80000,0x00000000d5b80000,0x00000000d5f00000)
 ParOldGen       total 925696K, used 330840K [0x0000000080000000, 0x00000000b8800000, 0x00000000d5580000)
  object space 925696K, 35% used [0x0000000080000000,0x0000000094316020,0x00000000b8800000)
 Metaspace       used 92003K, committed 94464K, reserved 1179648K
  class space    used 9535K, committed 10816K, reserved 1048576K
}
Event: 76693.399 GC heap before
{Heap before GC invocations=4220 (full 6):
 PSYoungGen      total 4096K, used 3954K [0x00000000d5580000, 0x00000000d5f00000, 0x0000000100000000)
  eden space 2560K, 95% used [0x00000000d5580000,0x00000000d57e4550,0x00000000d5800000)
  from space 1536K, 98% used [0x00000000d5800000,0x00000000d5978620,0x00000000d5980000)
  to   space 3584K, 0% used [0x00000000d5b80000,0x00000000d5b80000,0x00000000d5f00000)
 ParOldGen       total 925696K, used 330840K [0x0000000080000000, 0x00000000b8800000, 0x00000000d5580000)
  object space 925696K, 35% used [0x0000000080000000,0x0000000094316020,0x00000000b8800000)
 Metaspace       used 92003K, committed 94464K, reserved 1179648K
  class space    used 9535K, committed 10816K, reserved 1048576K
}
Event: 76693.401 GC heap after
{Heap after GC invocations=4220 (full 6):
 PSYoungGen      total 3584K, used 352K [0x00000000d5580000, 0x00000000d5c00000, 0x0000000100000000)
  eden space 3072K, 0% used [0x00000000d5580000,0x00000000d5580000,0x00000000d5880000)
  from space 512K, 68% used [0x00000000d5b80000,0x00000000d5bd8310,0x00000000d5c00000)
  to   space 1536K, 0% used [0x00000000d5900000,0x00000000d5900000,0x00000000d5a80000)
 ParOldGen       total 925696K, used 331135K [0x0000000080000000, 0x00000000b8800000, 0x00000000d5580000)
  object space 925696K, 35% used [0x0000000080000000,0x000000009435fc80,0x00000000b8800000)
 Metaspace       used 92003K, committed 94464K, reserved 1179648K
  class space    used 9535K, committed 10816K, reserved 1048576K
}
Event: 76693.404 GC heap before
{Heap before GC invocations=4221 (full 6):
 PSYoungGen      total 3584K, used 3424K [0x00000000d5580000, 0x00000000d5c00000, 0x0000000100000000)
  eden space 3072K, 100% used [0x00000000d5580000,0x00000000d5880000,0x00000000d5880000)
  from space 512K, 68% used [0x00000000d5b80000,0x00000000d5bd8310,0x00000000d5c00000)
  to   space 1536K, 0% used [0x00000000d5900000,0x00000000d5900000,0x00000000d5a80000)
 ParOldGen       total 925696K, used 331135K [0x0000000080000000, 0x00000000b8800000, 0x00000000d5580000)
  object space 925696K, 35% used [0x0000000080000000,0x000000009435fc80,0x00000000b8800000)
 Metaspace       used 92003K, committed 94464K, reserved 1179648K
  class space    used 9535K, committed 10816K, reserved 1048576K
}
Event: 76693.413 GC heap after
{Heap after GC invocations=4221 (full 6):
 PSYoungGen      total 5120K, used 1504K [0x00000000d5580000, 0x00000000d6180000, 0x0000000100000000)
  eden space 3584K, 0% used [0x00000000d5580000,0x00000000d5580000,0x00000000d5900000)
  from space 1536K, 97% used [0x00000000d5900000,0x00000000d5a78310,0x00000000d5a80000)
  to   space 4096K, 0% used [0x00000000d5d80000,0x00000000d5d80000,0x00000000d6180000)
 ParOldGen       total 925696K, used 332895K [0x0000000080000000, 0x00000000b8800000, 0x00000000d5580000)
  object space 925696K, 35% used [0x0000000080000000,0x0000000094517f90,0x00000000b8800000)
 Metaspace       used 92003K, committed 94464K, reserved 1179648K
  class space    used 9535K, committed 10816K, reserved 1048576K
}
Event: 76693.696 GC heap before
{Heap before GC invocations=4222 (full 6):
 PSYoungGen      total 5120K, used 5088K [0x00000000d5580000, 0x00000000d6180000, 0x0000000100000000)
  eden space 3584K, 99% used [0x00000000d5580000,0x00000000d58ffff0,0x00000000d5900000)
  from space 1536K, 97% used [0x00000000d5900000,0x00000000d5a78310,0x00000000d5a80000)
  to   space 4096K, 0% used [0x00000000d5d80000,0x00000000d5d80000,0x00000000d6180000)
 ParOldGen       total 925696K, used 332895K [0x0000000080000000, 0x00000000b8800000, 0x00000000d5580000)
  object space 925696K, 35% used [0x0000000080000000,0x0000000094517f90,0x00000000b8800000)
 Metaspace       used 92003K, committed 94464K, reserved 1179648K
  class space    used 9535K, committed 10816K, reserved 1048576K
}
Event: 76693.703 GC heap after
{Heap after GC invocations=4222 (full 6):
 PSYoungGen      total 6144K, used 1120K [0x00000000d5580000, 0x00000000d5f00000, 0x0000000100000000)
  eden space 4608K, 0% used [0x00000000d5580000,0x00000000d5580000,0x00000000d5a00000)
  from space 1536K, 72% used [0x00000000d5d80000,0x00000000d5e98000,0x00000000d5f00000)
  to   space 2048K, 0% used [0x00000000d5b00000,0x00000000d5b00000,0x00000000d5d00000)
 ParOldGen       total 925696K, used 334480K [0x0000000080000000, 0x00000000b8800000, 0x00000000d5580000)
  object space 925696K, 36% used [0x0000000080000000,0x00000000946a42a0,0x00000000b8800000)
 Metaspace       used 92003K, committed 94464K, reserved 1179648K
  class space    used 9535K, committed 10816K, reserved 1048576K
}
Event: 76694.143 GC heap before
{Heap before GC invocations=4223 (full 6):
 PSYoungGen      total 6144K, used 5727K [0x00000000d5580000, 0x00000000d5f00000, 0x0000000100000000)
  eden space 4608K, 99% used [0x00000000d5580000,0x00000000d59fffa8,0x00000000d5a00000)
  from space 1536K, 72% used [0x00000000d5d80000,0x00000000d5e98000,0x00000000d5f00000)
  to   space 2048K, 0% used [0x00000000d5b00000,0x00000000d5b00000,0x00000000d5d00000)
 ParOldGen       total 925696K, used 334480K [0x0000000080000000, 0x00000000b8800000, 0x00000000d5580000)
  object space 925696K, 36% used [0x0000000080000000,0x00000000946a42a0,0x00000000b8800000)
 Metaspace       used 92003K, committed 94464K, reserved 1179648K
  class space    used 9535K, committed 10816K, reserved 1048576K
}
Event: 76694.146 GC heap after
{Heap after GC invocations=4223 (full 6):
 PSYoungGen      total 6656K, used 848K [0x00000000d5580000, 0x00000000d5e00000, 0x0000000100000000)
  eden space 5632K, 0% used [0x00000000d5580000,0x00000000d5580000,0x00000000d5b00000)
  from space 1024K, 82% used [0x00000000d5b00000,0x00000000d5bd4010,0x00000000d5c00000)
  to   space 1536K, 0% used [0x00000000d5c80000,0x00000000d5c80000,0x00000000d5e00000)
 ParOldGen       total 925696K, used 335410K [0x0000000080000000, 0x00000000b8800000, 0x00000000d5580000)
  object space 925696K, 36% used [0x0000000080000000,0x000000009478cbe8,0x00000000b8800000)
 Metaspace       used 92003K, committed 94464K, reserved 1179648K
  class space    used 9535K, committed 10816K, reserved 1048576K
}
Event: 82925.835 GC heap before
{Heap before GC invocations=4224 (full 6):
 PSYoungGen      total 6656K, used 6480K [0x00000000d5580000, 0x00000000d5e00000, 0x0000000100000000)
  eden space 5632K, 100% used [0x00000000d5580000,0x00000000d5b00000,0x00000000d5b00000)
  from space 1024K, 82% used [0x00000000d5b00000,0x00000000d5bd4010,0x00000000d5c00000)
  to   space 1536K, 0% used [0x00000000d5c80000,0x00000000d5c80000,0x00000000d5e00000)
 ParOldGen       total 925696K, used 335410K [0x0000000080000000, 0x00000000b8800000, 0x00000000d5580000)
  object space 925696K, 36% used [0x0000000080000000,0x000000009478cbe8,0x00000000b8800000)
 Metaspace       used 92003K, committed 94464K, reserved 1179648K
  class space    used 9535K, committed 10816K, reserved 1048576K
}
Event: 82925.918 GC heap after
{Heap after GC invocations=4224 (full 6):
 PSYoungGen      total 7680K, used 320K [0x00000000d5580000, 0x00000000d5e80000, 0x0000000100000000)
  eden space 6144K, 0% used [0x00000000d5580000,0x00000000d5580000,0x00000000d5b80000)
  from space 1536K, 20% used [0x00000000d5c80000,0x00000000d5cd0000,0x00000000d5e00000)
  to   space 1024K, 0% used [0x00000000d5b80000,0x00000000d5b80000,0x00000000d5c80000)
 ParOldGen       total 925696K, used 335770K [0x0000000080000000, 0x00000000b8800000, 0x00000000d5580000)
  object space 925696K, 36% used [0x0000000080000000,0x00000000947e6838,0x00000000b8800000)
 Metaspace       used 92003K, committed 94464K, reserved 1179648K
  class space    used 9535K, committed 10816K, reserved 1048576K
}

